
""*** 0001 ***
w E1.2
q A1.1
q A1.3

""*** 0002 ***
w E1.2
q A1.3

""*** 0003 ***
w(( :RESET;
o A0.0
o M0.2
o M0.5
o TE5
)
un E0.5
u E0.6
u E1.2
)
q A0.0

""*** 0004 ***
w((n E1.1
o M0.0
)
un :RESET;
)
q M0.0

""*** 0005 ***
w(n E0.2
u E0.6
un A0.3
u E0.5
u A1.1
un E0.0
)
s M0.1 "POSIÇÃO INICIAL OK


""*** 0006 ***
w(n A1.3
u E1.2
)
r M0.1

""*** 0007 ***
w(( M0.1
o A1.0
)
u E1.2
)
q A1.0

""*** 0008 ***
w(( E1.0
o A1.2
)
u A1.0
)
q A1.2

""*** 0009 ***
w TE1
sTE2
m1

""*** 0010 ***
w(((n E0.1
u A1.2
u E0.0
)
o TE1
o M0.3
o M0.2
)
un E0.2
un E1.3
un TE2
)
sTE1
m1

""*** 0011 ***
w(( TE1
o A0.2
)
un TE2
un :RESET;
un M0.0
u E1.2
)
q A0.2

""*** 0012 ***
w((( E0.1
u A1.2
)
o TE3
)
u E0.0
un E0.2
un E1.3
u E0.5
un M0.2
)
sTE3
m2

""*** 0013 ***
w(( TE3
o A0.1
)
un :RESET;
un M0.0
un M0.2
un M0.5
u E0.6
u E1.2
)
q A0.1

""*** 0014 ***
w(((n E0.3
u E0.4
)
o M0.2
)
u E0.6
)
q M0.2

""*** 0015 ***
w((( E0.3
u E0.4
)
o M0.3
)
u E0.1
)
q M0.3

""*** 0016 ***
w(( M0.3
o A0.3
)
un E0.6
un TE5
u E1.2
)
s M0.5
q A0.3

""*** 0017 ***
w( M0.3
un E0.6
un TE5
u E1.2
)
s M0.5

""*** 0018 ***
w M0.5
sTE4
m1

""*** 0019 ***
w( E0.5
u E1.2
)
r M0.5
